<?xml version="1.0" encoding="UTF-8"?>
<testng-results ignored="0" total="1" passed="1" failed="0" skipped="0">
  <reporter-output>
  </reporter-output>
  <suite started-at="2023-08-07T17:54:49 IST" name="Default suite" finished-at="2023-08-07T17:54:49 IST" duration-ms="82">
    <groups>
    </groups>
    <test started-at="2023-08-07T17:54:49 IST" name="Default test" finished-at="2023-08-07T17:54:49 IST" duration-ms="82">
      <class name="com.Task500.tests.Test3">
        <test-method signature="test1()[pri:0, instance:com.Task500.tests.Test3@2ed2d9cb]" started-at="2023-08-07T17:54:49 IST" name="test1" finished-at="2023-08-07T17:54:49 IST" duration-ms="15" status="PASS">
          <reporter-output>
          </reporter-output>
        </test-method> <!-- test1 -->
      </class> <!-- com.Task500.tests.Test3 -->
    </test> <!-- Default test -->
  </suite> <!-- Default suite -->
</testng-results>
